0 info it worked if it ends with ok
1 verbose cli [ '/home/azureuser/.nvm/versions/node/v6.10.3/bin/node',
1 verbose cli   '/home/azureuser/.nvm/versions/node/v6.10.3/bin/npm',
1 verbose cli   'run',
1 verbose cli   'check' ]
2 info using npm@3.10.10
3 info using node@v6.10.3
4 verbose run-script [ 'precheck', 'check', 'postcheck' ]
5 info lifecycle azureuser@1.0.0~precheck: azureuser@1.0.0
6 silly lifecycle azureuser@1.0.0~precheck: no script for precheck, continuing
7 info lifecycle azureuser@1.0.0~check: azureuser@1.0.0
8 verbose lifecycle azureuser@1.0.0~check: unsafe-perm in lifecycle true
9 verbose lifecycle azureuser@1.0.0~check: PATH: /home/azureuser/.nvm/versions/node/v6.10.3/lib/node_modules/npm/bin/node-gyp-bin:/home/azureuser/lambda-build/node_modules/.bin:/home/azureuser/.nvm/versions/node/v6.10.3/bin:/home/azureuser/.local/bin:/home/azureuser/bin:/usr/local/bin:/usr/bin:/usr/local/sbin:/usr/sbin
10 verbose lifecycle azureuser@1.0.0~check: CWD: /home/azureuser/lambda-build
11 silly lifecycle azureuser@1.0.0~check: Args: [ '-c', 'node test.ts' ]
12 silly lifecycle azureuser@1.0.0~check: Returned: code: 1  signal: null
13 info lifecycle azureuser@1.0.0~check: Failed to exec check script
14 verbose stack Error: azureuser@1.0.0 check: `node test.ts`
14 verbose stack Exit status 1
14 verbose stack     at EventEmitter.<anonymous> (/home/azureuser/.nvm/versions/node/v6.10.3/lib/node_modules/npm/lib/utils/lifecycle.js:255:16)
14 verbose stack     at emitTwo (events.js:106:13)
14 verbose stack     at EventEmitter.emit (events.js:191:7)
14 verbose stack     at ChildProcess.<anonymous> (/home/azureuser/.nvm/versions/node/v6.10.3/lib/node_modules/npm/lib/utils/spawn.js:40:14)
14 verbose stack     at emitTwo (events.js:106:13)
14 verbose stack     at ChildProcess.emit (events.js:191:7)
14 verbose stack     at maybeClose (internal/child_process.js:886:16)
14 verbose stack     at Process.ChildProcess._handle.onexit (internal/child_process.js:226:5)
15 verbose pkgid azureuser@1.0.0
16 verbose cwd /home/azureuser/lambda-build
17 error Linux 5.14.0-427.13.1.el9_4.x86_64
18 error argv "/home/azureuser/.nvm/versions/node/v6.10.3/bin/node" "/home/azureuser/.nvm/versions/node/v6.10.3/bin/npm" "run" "check"
19 error node v6.10.3
20 error npm  v3.10.10
21 error code ELIFECYCLE
22 error azureuser@1.0.0 check: `node test.ts`
22 error Exit status 1
23 error Failed at the azureuser@1.0.0 check script 'node test.ts'.
23 error Make sure you have the latest version of node.js and npm installed.
23 error If you do, this is most likely a problem with the azureuser package,
23 error not with npm itself.
23 error Tell the author that this fails on your system:
23 error     node test.ts
23 error You can get information on how to open an issue for this project with:
23 error     npm bugs azureuser
23 error Or if that isn't available, you can get their info via:
23 error     npm owner ls azureuser
23 error There is likely additional logging output above.
24 verbose exit [ 1, true ]
